Virtual User Script started at: 12-02-2024 15:25:21
Starting action vuser_init.
Web Turbo Replay of LoadRunner 2023.0.0 for Windows 10; build 506 (Mar 08 2023 13:11:40)  	[MsgId: MMSG-26983]
Run mode: HTML  	[MsgId: MMSG-26993]
Replay user agent: Mozilla/5.0 (Windows NT 10.0; Win64; x64) AppleWebKit/537.36 (KHTML, like Gecko) Chrome/121.0.0.0 Safari/537.36  	[MsgId: MMSG-26988]
Runtime Settings file: "D:\LoadRunner Script\SuperTails\Case Study\\default.cfg"  	[MsgId: MMSG-27141]
vuser_init.c(12): web_set_sockets_option started  	[MsgId: MMSG-26355]
vuser_init.c(12): web_set_sockets_option was successful  	[MsgId: MMSG-26392]
vuser_init.c(16): web_set_sockets_option started  	[MsgId: MMSG-26355]
vuser_init.c(16): web_set_sockets_option was successful  	[MsgId: MMSG-26392]
vuser_init.c(18): web_url("katalon-demo-cura.herokuapp.com") started  	[MsgId: MMSG-26355]
vuser_init.c(18): Found resource "https://cdnjs.cloudflare.com/ajax/libs/twitter-bootstrap/3.3.7/css/bootstrap.min.css" in HTML "https://katalon-demo-cura.herokuapp.com/"  	[MsgId: MMSG-26659]
vuser_init.c(18): Found resource "https://cdnjs.cloudflare.com/ajax/libs/bootstrap-datepicker/1.6.4/css/bootstrap-datepicker.min.css" in HTML "https://katalon-demo-cura.herokuapp.com/"  	[MsgId: MMSG-26659]
vuser_init.c(18): Found resource "https://katalon-demo-cura.herokuapp.com//css/theme.css" in HTML "https://katalon-demo-cura.herokuapp.com/"  	[MsgId: MMSG-26659]
vuser_init.c(18): Found resource "https://cdnjs.cloudflare.com/ajax/libs/font-awesome/4.7.0/css/font-awesome.min.css" in HTML "https://katalon-demo-cura.herokuapp.com/"  	[MsgId: MMSG-26659]
vuser_init.c(18): Found resource "https://fonts.googleapis.com/css?family=Source+Sans+Pro:300,400,700,300italic,400italic,700italic" in HTML "https://katalon-demo-cura.herokuapp.com/"  	[MsgId: MMSG-26659]
vuser_init.c(18): Found resource "https://cdnjs.cloudflare.com/ajax/libs/jquery/1.11.3/jquery.min.js" in HTML "https://katalon-demo-cura.herokuapp.com/"  	[MsgId: MMSG-26659]
vuser_init.c(18): Found resource "https://cdnjs.cloudflare.com/ajax/libs/twitter-bootstrap/3.3.7/js/bootstrap.min.js" in HTML "https://katalon-demo-cura.herokuapp.com/"  	[MsgId: MMSG-26659]
vuser_init.c(18): Found resource "https://cdnjs.cloudflare.com/ajax/libs/bootstrap-datepicker/1.6.4/js/bootstrap-datepicker.min.js" in HTML "https://katalon-demo-cura.herokuapp.com/"  	[MsgId: MMSG-26659]
vuser_init.c(18): Found resource "https://katalon-demo-cura.herokuapp.com//js/theme.js" in HTML "https://katalon-demo-cura.herokuapp.com/"  	[MsgId: MMSG-26659]
vuser_init.c(18): Warning -26603: Unsupported "Content-Encoding"  	[MsgId: MWAR-26603]
vuser_init.c(18): Warning -26603: Unsupported "Content-Encoding"  	[MsgId: MWAR-26603]
vuser_init.c(18): Warning -26603: Unsupported "Content-Encoding"  	[MsgId: MWAR-26603]
vuser_init.c(18): Warning -26603: Unsupported "Content-Encoding"  	[MsgId: MWAR-26603]
vuser_init.c(18): Warning -26603: Unsupported "Content-Encoding"  	[MsgId: MWAR-26603]
vuser_init.c(18): Warning -26603: Unsupported "Content-Encoding"  	[MsgId: MWAR-26603]
vuser_init.c(18): web_url("katalon-demo-cura.herokuapp.com") highest severity level was "warning", 81114 body bytes, 9120 header bytes, 13 chunking overhead bytes  	[MsgId: MMSG-26387]
vuser_init.c(28): web_concurrent_start started  	[MsgId: MMSG-26355]
vuser_init.c(28): web_concurrent_start was successful  	[MsgId: MMSG-26392]
vuser_init.c(30): web_url("header.jpg") started  	[MsgId: MMSG-26355]
vuser_init.c(30): Registering web_url("header.jpg") was successful  	[MsgId: MMSG-26390]
vuser_init.c(39): web_url("6xK3dSBYKcSV-LCoeQqfX1RYOo3qOK7l.woff2") started  	[MsgId: MMSG-26355]
vuser_init.c(39): Registering web_url("6xK3dSBYKcSV-LCoeQqfX1RYOo3qOK7l.woff2") was successful  	[MsgId: MMSG-26390]
vuser_init.c(48): web_url("6xKydSBYKcSV-LCoeQqfX1RYOo3ig4vwlxdu.woff2") started  	[MsgId: MMSG-26355]
vuser_init.c(48): Registering web_url("6xKydSBYKcSV-LCoeQqfX1RYOo3ig4vwlxdu.woff2") was successful  	[MsgId: MMSG-26390]
vuser_init.c(57): web_concurrent_end started  	[MsgId: MMSG-26355]
vuser_init.c(57): web_concurrent_end was successful, 408965 body bytes, 2418 header bytes  	[MsgId: MMSG-26386]
vuser_init.c(59): web_set_sockets_option started  	[MsgId: MMSG-26355]
vuser_init.c(59): web_set_sockets_option was successful  	[MsgId: MMSG-26392]
vuser_init.c(68): web_url("profile.php") started  	[MsgId: MMSG-26355]
vuser_init.c(68): Resource "https://cdnjs.cloudflare.com/ajax/libs/twitter-bootstrap/3.3.7/css/bootstrap.min.css" is in the cache already and will not be downloaded again  	[MsgId: MMSG-26655]
vuser_init.c(68): Resource "https://cdnjs.cloudflare.com/ajax/libs/bootstrap-datepicker/1.6.4/css/bootstrap-datepicker.min.css" is in the cache already and will not be downloaded again  	[MsgId: MMSG-26655]
vuser_init.c(68): Resource "https://katalon-demo-cura.herokuapp.com//css/theme.css" is in the cache already and will not be downloaded again  	[MsgId: MMSG-26655]
vuser_init.c(68): Resource "https://cdnjs.cloudflare.com/ajax/libs/font-awesome/4.7.0/css/font-awesome.min.css" is in the cache already and will not be downloaded again  	[MsgId: MMSG-26655]
vuser_init.c(68): Resource "https://fonts.googleapis.com/css?family=Source+Sans+Pro:300,400,700,300italic,400italic,700italic" is in the cache already and will not be downloaded again  	[MsgId: MMSG-26655]
vuser_init.c(68): Resource "https://cdnjs.cloudflare.com/ajax/libs/jquery/1.11.3/jquery.min.js" is in the cache already and will not be downloaded again  	[MsgId: MMSG-26655]
vuser_init.c(68): Resource "https://cdnjs.cloudflare.com/ajax/libs/twitter-bootstrap/3.3.7/js/bootstrap.min.js" is in the cache already and will not be downloaded again  	[MsgId: MMSG-26655]
vuser_init.c(68): Resource "https://cdnjs.cloudflare.com/ajax/libs/bootstrap-datepicker/1.6.4/js/bootstrap-datepicker.min.js" is in the cache already and will not be downloaded again  	[MsgId: MMSG-26655]
vuser_init.c(68): Resource "https://katalon-demo-cura.herokuapp.com//js/theme.js" is in the cache already and will not be downloaded again  	[MsgId: MMSG-26655]
vuser_init.c(68): web_url("profile.php") was successful, 7261 body bytes, 795 header bytes, 13 chunking overhead bytes  	[MsgId: MMSG-26385]
vuser_init.c(80): web_custom_request("json") started  	[MsgId: MMSG-26355]
vuser_init.c(80): web_custom_request("json") was successful, 877 body bytes, 1088 header bytes  	[MsgId: MMSG-26386]
Ending action vuser_init.
Running Vuser...
Starting iteration 1.
Warning -27077: The "vuser_init" section contains web function(s) when the "Simulate a new user on each iteration" Runtime Setting is ON.  This may produce unpredictable results with multiple iterations  	[MsgId: MWAR-27077]
Maximum number of concurrent connections per server: 6  	[MsgId: MMSG-26989]
Starting action Login.
Login.c(6): web_submit_data("authenticate.php") started  	[MsgId: MMSG-26355]
Login.c(6): Redirecting "https://katalon-demo-cura.herokuapp.com/authenticate.php" (redirection depth is 0)  	[MsgId: MMSG-26694]
Login.c(6): To location "https://katalon-demo-cura.herokuapp.com/profile.php"  	[MsgId: MMSG-26693]
Login.c(6): Resource "https://cdnjs.cloudflare.com/ajax/libs/twitter-bootstrap/3.3.7/css/bootstrap.min.css" is in the cache already and will not be downloaded again  	[MsgId: MMSG-26655]
Login.c(6): Resource "https://cdnjs.cloudflare.com/ajax/libs/bootstrap-datepicker/1.6.4/css/bootstrap-datepicker.min.css" is in the cache already and will not be downloaded again  	[MsgId: MMSG-26655]
Login.c(6): Resource "https://katalon-demo-cura.herokuapp.com//css/theme.css" is in the cache already and will not be downloaded again  	[MsgId: MMSG-26655]
Login.c(6): Resource "https://cdnjs.cloudflare.com/ajax/libs/font-awesome/4.7.0/css/font-awesome.min.css" is in the cache already and will not be downloaded again  	[MsgId: MMSG-26655]
Login.c(6): Resource "https://fonts.googleapis.com/css?family=Source+Sans+Pro:300,400,700,300italic,400italic,700italic" is in the cache already and will not be downloaded again  	[MsgId: MMSG-26655]
Login.c(6): Resource "https://cdnjs.cloudflare.com/ajax/libs/jquery/1.11.3/jquery.min.js" is in the cache already and will not be downloaded again  	[MsgId: MMSG-26655]
Login.c(6): Resource "https://cdnjs.cloudflare.com/ajax/libs/twitter-bootstrap/3.3.7/js/bootstrap.min.js" is in the cache already and will not be downloaded again  	[MsgId: MMSG-26655]
Login.c(6): Resource "https://cdnjs.cloudflare.com/ajax/libs/bootstrap-datepicker/1.6.4/js/bootstrap-datepicker.min.js" is in the cache already and will not be downloaded again  	[MsgId: MMSG-26655]
Login.c(6): Resource "https://katalon-demo-cura.herokuapp.com//js/theme.js" is in the cache already and will not be downloaded again  	[MsgId: MMSG-26655]
Login.c(6): web_submit_data("authenticate.php") was successful, 7394 body bytes, 1669 header bytes, 13 chunking overhead bytes  	[MsgId: MMSG-26385]
Ending action Login.
Ending iteration 1.
Ending Vuser...
Starting action vuser_end.
vuser_end.c(8): web_url("ChVDaHJvbWUvMTIxLjAuNjE2Ny4xNjESJwm4ouDoPDlzyRIFDWCIu-ISBQ2-6S43EgUNMT2UMCELHZFHpklVVA==") started  	[MsgId: MMSG-26355]
vuser_end.c(8): Warning -26630: HTTP Status-Code=400 (Bad Request) for "https://content-autofill.googleapis.com/v1/pages/ChVDaHJvbWUvMTIxLjAuNjE2Ny4xNjESJwm4ouDoPDlzyRIFDWCIu-ISBQ2-6S43EgUNMT2UMCELHZFHpklVVA==?alt=proto"  	[MsgId: MWAR-26630]
vuser_end.c(8): web_url("ChVDaHJvbWUvMTIxLjAuNjE2Ny4xNjESJwm4ouDoPDlzyRIFDWCIu-ISBQ2-6S43EgUNMT2UMCELHZFHpklVVA==") highest severity level was "warning", 94 body bytes, 370 header bytes  	[MsgId: MMSG-26388]
vuser_end.c(17): web_url("authenticate.php_2") started  	[MsgId: MMSG-26355]
vuser_end.c(17): Redirecting "https://katalon-demo-cura.herokuapp.com/authenticate.php?logout" (redirection depth is 0)  	[MsgId: MMSG-26694]
vuser_end.c(17): To location "https://katalon-demo-cura.herokuapp.com/"  	[MsgId: MMSG-26693]
vuser_end.c(17): Resource "https://cdnjs.cloudflare.com/ajax/libs/twitter-bootstrap/3.3.7/css/bootstrap.min.css" is in the cache already and will not be downloaded again  	[MsgId: MMSG-26655]
vuser_end.c(17): Resource "https://cdnjs.cloudflare.com/ajax/libs/bootstrap-datepicker/1.6.4/css/bootstrap-datepicker.min.css" is in the cache already and will not be downloaded again  	[MsgId: MMSG-26655]
vuser_end.c(17): Resource "https://katalon-demo-cura.herokuapp.com//css/theme.css" is in the cache already and will not be downloaded again  	[MsgId: MMSG-26655]
vuser_end.c(17): Resource "https://cdnjs.cloudflare.com/ajax/libs/font-awesome/4.7.0/css/font-awesome.min.css" is in the cache already and will not be downloaded again  	[MsgId: MMSG-26655]
vuser_end.c(17): Resource "https://fonts.googleapis.com/css?family=Source+Sans+Pro:300,400,700,300italic,400italic,700italic" is in the cache already and will not be downloaded again  	[MsgId: MMSG-26655]
vuser_end.c(17): Resource "https://cdnjs.cloudflare.com/ajax/libs/jquery/1.11.3/jquery.min.js" is in the cache already and will not be downloaded again  	[MsgId: MMSG-26655]
vuser_end.c(17): Resource "https://cdnjs.cloudflare.com/ajax/libs/twitter-bootstrap/3.3.7/js/bootstrap.min.js" is in the cache already and will not be downloaded again  	[MsgId: MMSG-26655]
vuser_end.c(17): Resource "https://cdnjs.cloudflare.com/ajax/libs/bootstrap-datepicker/1.6.4/js/bootstrap-datepicker.min.js" is in the cache already and will not be downloaded again  	[MsgId: MMSG-26655]
vuser_end.c(17): Resource "https://katalon-demo-cura.herokuapp.com//js/theme.js" is in the cache already and will not be downloaded again  	[MsgId: MMSG-26655]
vuser_end.c(17): web_url("authenticate.php_2") was successful, 4234 body bytes, 1636 header bytes, 13 chunking overhead bytes  	[MsgId: MMSG-26385]
Ending action vuser_end.
Vuser Terminated.
