Error: Parameter 'kl': Invalid column name '' for table 'kl.dat'.
Virtual User Script started at: 22-02-2024 13:19:39
Starting action vuser_init.
Web Turbo Replay of LoadRunner 2023.0.0 for Windows 10; build 506 (Mar 08 2023 13:11:40)  	[MsgId: MMSG-26983]
Run mode: HTML  	[MsgId: MMSG-26993]
Replay user agent: Mozilla/5.0 (Windows NT 10.0; Win64; x64) AppleWebKit/537.36 (KHTML, like Gecko) Chrome/122.0.0.0 Safari/537.36  	[MsgId: MMSG-26988]
Runtime Settings file: "D:\LoadRunner Script\practice\practice\\default.cfg"  	[MsgId: MMSG-27141]
vuser_init.c(12): web_set_sockets_option started  	[MsgId: MMSG-26355]
vuser_init.c(12): web_set_sockets_option was successful  	[MsgId: MMSG-26392]
vuser_init.c(14): web_url("thinking-tester-contact-list.herokuapp.com") started  	[MsgId: MMSG-26355]
vuser_init.c(14): Found resource "https://thinking-tester-contact-list.herokuapp.com/css/styles.css" in HTML "https://thinking-tester-contact-list.herokuapp.com/"  	[MsgId: MMSG-26659]
vuser_init.c(14): Found resource "https://thinking-tester-contact-list.herokuapp.com/img/thinkingTesterLogo.png" in HTML "https://thinking-tester-contact-list.herokuapp.com/"  	[MsgId: MMSG-26659]
vuser_init.c(14): Found resource "https://thinking-tester-contact-list.herokuapp.com/js/login.js" in HTML "https://thinking-tester-contact-list.herokuapp.com/"  	[MsgId: MMSG-26659]
vuser_init.c(14): web_url("thinking-tester-contact-list.herokuapp.com") was successful, 15841 body bytes, 3239 header bytes  	[MsgId: MMSG-26386]
vuser_init.c(30): web_url("thinking-tester-contact-list.herokuapp.com_2") started  	[MsgId: MMSG-26355]
vuser_init.c(30): Retrieving data from cache for "https://thinking-tester-contact-list.herokuapp.com/"  	[MsgId: MMSG-26557]
vuser_init.c(30): Found resource "https://thinking-tester-contact-list.herokuapp.com/css/styles.css" in HTML "https://thinking-tester-contact-list.herokuapp.com/"  	[MsgId: MMSG-26659]
vuser_init.c(30): Found resource "https://thinking-tester-contact-list.herokuapp.com/img/thinkingTesterLogo.png" in HTML "https://thinking-tester-contact-list.herokuapp.com/"  	[MsgId: MMSG-26659]
vuser_init.c(30): Found resource "https://thinking-tester-contact-list.herokuapp.com/js/login.js" in HTML "https://thinking-tester-contact-list.herokuapp.com/"  	[MsgId: MMSG-26659]
vuser_init.c(30): web_url("thinking-tester-contact-list.herokuapp.com_2") was successful, 0 body bytes, 3107 header bytes  	[MsgId: MMSG-26386]
Ending action vuser_init.
Running Vuser...
Starting iteration 1.
Warning -27077: The "vuser_init" section contains web function(s) when the "Simulate a new user on each iteration" Runtime Setting is ON.  This may produce unpredictable results with multiple iterations  	[MsgId: MWAR-27077]
Maximum number of concurrent connections per server: 6  	[MsgId: MMSG-26989]
Starting action Action.
Action.c(4): web_set_sockets_option started  	[MsgId: MMSG-26355]
Action.c(4): web_set_sockets_option was successful  	[MsgId: MMSG-26392]
Action.c(6): web_set_sockets_option started  	[MsgId: MMSG-26355]
Action.c(6): web_set_sockets_option was successful  	[MsgId: MMSG-26392]
Action.c(8): web_url("thinking-tester-contact-list.herokuapp.com") started  	[MsgId: MMSG-26355]
Action.c(8): Retrieving data from cache for "https://thinking-tester-contact-list.herokuapp.com/"  	[MsgId: MMSG-26557]
Action.c(8): Found resource "https://thinking-tester-contact-list.herokuapp.com/css/styles.css" in HTML "https://thinking-tester-contact-list.herokuapp.com/"  	[MsgId: MMSG-26659]
Action.c(8): Found resource "https://thinking-tester-contact-list.herokuapp.com/img/thinkingTesterLogo.png" in HTML "https://thinking-tester-contact-list.herokuapp.com/"  	[MsgId: MMSG-26659]
Action.c(8): Found resource "https://thinking-tester-contact-list.herokuapp.com/js/login.js" in HTML "https://thinking-tester-contact-list.herokuapp.com/"  	[MsgId: MMSG-26659]
Action.c(8): web_url("thinking-tester-contact-list.herokuapp.com") was successful, 0 body bytes, 3131 header bytes  	[MsgId: MMSG-26386]
Action.c(17): web_set_sockets_option started  	[MsgId: MMSG-26355]
Action.c(17): web_set_sockets_option was successful  	[MsgId: MMSG-26392]
Action.c(31): web_reg_save_param_ex started  	[MsgId: MMSG-26355]
Action.c(31): Registering web_reg_save_param_ex was successful  	[MsgId: MMSG-26390]
Action.c(41): web_custom_request("login") started  	[MsgId: MMSG-26355]
Action.c(41): web_custom_request("login") was successful, 271 body bytes, 990 header bytes  	[MsgId: MMSG-26386]
Action.c(55): web_url("contactList") started  	[MsgId: MMSG-26355]
Action.c(55): Found resource "https://thinking-tester-contact-list.herokuapp.com/css/styles.css" in HTML "https://thinking-tester-contact-list.herokuapp.com/contactList"  	[MsgId: MMSG-26659]
Action.c(55): Found resource "https://thinking-tester-contact-list.herokuapp.com/img/thinkingTesterLogo.png" in HTML "https://thinking-tester-contact-list.herokuapp.com/contactList"  	[MsgId: MMSG-26659]
Action.c(55): Found resource "https://thinking-tester-contact-list.herokuapp.com/js/contactList.js" in HTML "https://thinking-tester-contact-list.herokuapp.com/contactList"  	[MsgId: MMSG-26659]
Action.c(55): web_url("contactList") was successful, 4709 body bytes, 3217 header bytes  	[MsgId: MMSG-26386]
Action.c(64): web_add_header("Authorization") started  	[MsgId: MMSG-26355]
Action.c(64): Warning -26593: The header being added may cause unpredictable results if applied to ALL the URLs generated on behalf of the next script function. It will apply to the primary URL only.  	[MsgId: MWAR-26593]
Action.c(64): web_add_header("Authorization") highest severity level was "warning"  	[MsgId: MMSG-26391]
Action.c(66): web_custom_request("contacts") started  	[MsgId: MMSG-26355]
Action.c(66): web_custom_request("contacts") was successful, 2 body bytes, 755 header bytes  	[MsgId: MMSG-26386]
Action.c(76): web_reg_save_param_ex started  	[MsgId: MMSG-26355]
Action.c(76): Registering web_reg_save_param_ex was successful  	[MsgId: MMSG-26390]
Ending action Action.
Error -27257: Pending web_reg_save_param/web_create_html_param/web_create_html_param_ex/web_reg_find request(s) detected and reset at the end of iteration number 1  	[MsgId: MERR-27257]
Ending Vuser...
Starting action vuser_end.
Ending action vuser_end.
Vuser Terminated.
